TN:
SF:src\services\auth.ts
FN:4,(anonymous_1)
FN:36,(anonymous_2)
FNF:2
FNH:2
FNDA:1,(anonymous_1)
FNDA:2,(anonymous_2)
DA:1,1
DA:4,1
DA:19,1
DA:33,1
DA:36,1
DA:37,2
DA:38,1
LF:7
LH:7
BRF:0
BRH:0
end_of_record
TN:
SF:src\services\pets.ts
FN:5,(anonymous_1)
FN:14,(anonymous_2)
FN:22,(anonymous_3)
FN:30,(anonymous_4)
FNF:4
FNH:4
FNDA:1,(anonymous_1)
FNDA:1,(anonymous_2)
FNDA:1,(anonymous_3)
FNDA:1,(anonymous_4)
DA:1,1
DA:2,1
DA:5,1
DA:6,1
DA:8,1
DA:11,1
DA:14,1
DA:15,1
DA:16,1
DA:19,1
DA:22,1
DA:23,1
DA:24,1
DA:27,1
DA:30,1
DA:31,1
DA:32,1
DA:35,1
LF:18
LH:18
BRF:0
BRH:0
end_of_record
TN:
SF:src\services\reservations.ts
FN:5,(anonymous_1)
FN:21,getReservationHistory
FN:34,updateReservationStatus
FNF:3
FNH:3
FNDA:1,(anonymous_1)
FNDA:1,getReservationHistory
FNDA:1,updateReservationStatus
DA:1,1
DA:2,1
DA:5,1
DA:13,1
DA:14,1
DA:17,1
DA:21,1
DA:22,1
DA:24,1
DA:28,1
DA:32,1
DA:34,1
DA:38,1
DA:39,1
DA:44,1
LF:15
LH:15
BRF:0
BRH:0
end_of_record
TN:
SF:src\services\users.ts
FN:6,(anonymous_1)
FN:20,(anonymous_2)
FN:34,(anonymous_3)
FNF:3
FNH:3
FNDA:2,(anonymous_1)
FNDA:1,(anonymous_2)
FNDA:1,(anonymous_3)
DA:1,1
DA:2,1
DA:6,1
DA:7,2
DA:8,2
DA:10,1
DA:16,1
DA:20,1
DA:21,1
DA:23,1
DA:29,1
DA:34,1
DA:35,1
DA:39,1
DA:44,1
LF:15
LH:15
BRDA:8,0,0,1
BRF:1
BRH:1
end_of_record
